<?xml version="1.0" encoding="UTF-8"?>
<!-- Generated by org.testng.reporters.JUnitXMLReporter -->
<testsuite ignored="9" hostname="Ryota" failures="0" tests="2" name="Default test" time="3.163" errors="0" timestamp="2024-10-19T22:20:39 AST">
  <testcase classname="myTestCases" name="login" time="1.078"/>
  <testcase classname="myTestCases" name="siteMap" time="0.548"/>
  <testcase classname="myTestCases" name="addCK" time="0.0">
    <ignored/>
  </testcase> <!-- addCK -->
  <testcase classname="myTestCases" name="hairCare" time="0.0">
    <ignored/>
  </testcase> <!-- hairCare -->
  <testcase classname="myTestCases" name="addSeaweed" time="0.0">
    <ignored/>
  </testcase> <!-- addSeaweed -->
  <testcase classname="myTestCases" name="signUp" time="0.0">
    <ignored/>
  </testcase> <!-- signUp -->
  <testcase classname="myTestCases" name="Deodorant" time="0.0">
    <ignored/>
  </testcase> <!-- Deodorant -->
  <testcase classname="myTestCases" name="Seaweed" time="0.0">
    <ignored/>
  </testcase> <!-- Seaweed -->
  <testcase classname="myTestCases" name="registerInfo" time="0.0">
    <ignored/>
  </testcase> <!-- registerInfo -->
  <testcase classname="myTestCases" name="footer" time="0.0">
    <ignored/>
  </testcase> <!-- footer -->
  <testcase classname="myTestCases" name="addMenItem" time="0.0">
    <ignored/>
  </testcase> <!-- addMenItem -->
</testsuite> <!-- Default test -->
