<?xml version="1.0" encoding="UTF-8"?>
<testng-results ignored="9" total="11" passed="2" failed="0" skipped="0">
  <reporter-output>
  </reporter-output>
  <suite started-at="2024-10-19T22:20:36 AST" name="Default suite" finished-at="2024-10-19T22:20:39 AST" duration-ms="3163">
    <groups>
    </groups>
    <test started-at="2024-10-19T22:20:36 AST" name="Default test" finished-at="2024-10-19T22:20:39 AST" duration-ms="3163">
      <class name="myTestCases">
        <test-method is-config="true" signature="mySetup()[pri:0, instance:myTestCases@3624da92]" started-at="2024-10-19T22:20:36 AST" name="mySetup" finished-at="2024-10-19T22:20:37 AST" duration-ms="1509" status="PASS">
          <reporter-output>
          </reporter-output>
        </test-method> <!-- mySetup -->
        <test-method signature="login()[pri:3, instance:myTestCases@3624da92]" started-at="2024-10-19T22:20:37 AST" name="login" finished-at="2024-10-19T22:20:38 AST" duration-ms="1078" status="PASS">
          <reporter-output>
          </reporter-output>
        </test-method> <!-- login -->
        <test-method signature="siteMap()[pri:11, instance:myTestCases@3624da92]" started-at="2024-10-19T22:20:38 AST" name="siteMap" finished-at="2024-10-19T22:20:39 AST" duration-ms="548" status="PASS">
          <reporter-output>
          </reporter-output>
        </test-method> <!-- siteMap -->
      </class> <!-- myTestCases -->
    </test> <!-- Default test -->
  </suite> <!-- Default suite -->
</testng-results>
